[ 2025-08-21 17:18:24,082 ] 1025 httpx - INFO - HTTP Request: GET https://dagshub.com/api/v1/user "HTTP/1.1 200 OK"
[ 2025-08-21 17:18:24,089 ] 107 dagshub - INFO - Accessing as Dishant8127
[ 2025-08-21 17:18:24,990 ] 1025 httpx - INFO - HTTP Request: GET https://dagshub.com/api/v1/repos/Dishant8127/Networksecurity "HTTP/1.1 200 OK"
[ 2025-08-21 17:18:25,753 ] 1025 httpx - INFO - HTTP Request: GET https://dagshub.com/api/v1/user "HTTP/1.1 200 OK"
[ 2025-08-21 17:18:25,756 ] 107 dagshub - INFO - Initialized MLflow to track repo "Dishant8127/Networksecurity"
[ 2025-08-21 17:18:25,757 ] 107 dagshub - INFO - Repository Dishant8127/Networksecurity initialized!
[ 2025-08-21 17:18:25,758 ] 20 root - INFO - Initiate the data ingestion
[ 2025-08-21 17:18:35,941 ] 65 root - INFO - Performed train test split on the dataframe
[ 2025-08-21 17:18:35,941 ] 67 root - INFO - Exited split_data_as_train_test method of Data_Ingestion class
[ 2025-08-21 17:18:35,941 ] 75 root - INFO - Exporting train and test file path.
[ 2025-08-21 17:18:35,990 ] 84 root - INFO - Exported train and test file path.
[ 2025-08-21 17:18:35,990 ] 22 root - INFO - Data Initiation Completed
[ 2025-08-21 17:18:35,996 ] 26 root - INFO - Initiate the data Validation
[ 2025-08-21 17:18:36,072 ] 32 root - INFO - Required number of columns:2
[ 2025-08-21 17:18:36,072 ] 33 root - INFO - Data frame has columns:31
[ 2025-08-21 17:18:36,072 ] 32 root - INFO - Required number of columns:2
[ 2025-08-21 17:18:36,072 ] 33 root - INFO - Data frame has columns:31
[ 2025-08-21 17:18:36,189 ] 28 root - INFO - data Validation Completed
[ 2025-08-21 17:18:36,190 ] 31 root - INFO - data Transformation started
[ 2025-08-21 17:18:36,190 ] 63 root - INFO - Entered initiate_data_transformation method of DataTransformation class
[ 2025-08-21 17:18:36,190 ] 65 root - INFO - Starting data transformation
[ 2025-08-21 17:18:36,213 ] 48 root - INFO - Entered get_data_trnasformer_object method of Trnasformation class
[ 2025-08-21 17:18:36,213 ] 53 root - INFO - Initialise KNNImputer with {'missing_values': nan, 'n_neighbors': 3, 'weights': 'uniform'}
[ 2025-08-21 17:18:36,240 ] 46 root - INFO - Entered the save_object method of MainUtils class
[ 2025-08-21 17:18:36,244 ] 50 root - INFO - Exited the save_object method of MainUtils class
[ 2025-08-21 17:18:36,244 ] 46 root - INFO - Entered the save_object method of MainUtils class
[ 2025-08-21 17:18:36,249 ] 50 root - INFO - Exited the save_object method of MainUtils class
[ 2025-08-21 17:18:36,251 ] 35 root - INFO - data Transformation completed
[ 2025-08-21 17:18:36,251 ] 37 root - INFO - Model Training sstared
