[ 2025-08-21 17:29:07,399 ] 1025 httpx - INFO - HTTP Request: GET https://dagshub.com/api/v1/user "HTTP/1.1 200 OK"
[ 2025-08-21 17:29:07,405 ] 107 dagshub - INFO - Accessing as Dishant8127
[ 2025-08-21 17:29:08,234 ] 1025 httpx - INFO - HTTP Request: GET https://dagshub.com/api/v1/repos/Dishant8127/Networksecurity "HTTP/1.1 200 OK"
[ 2025-08-21 17:29:09,139 ] 1025 httpx - INFO - HTTP Request: GET https://dagshub.com/api/v1/user "HTTP/1.1 200 OK"
[ 2025-08-21 17:29:09,142 ] 107 dagshub - INFO - Initialized MLflow to track repo "Dishant8127/Networksecurity"
[ 2025-08-21 17:29:09,143 ] 107 dagshub - INFO - Repository Dishant8127/Networksecurity initialized!
[ 2025-08-21 17:29:09,143 ] 20 root - INFO - Initiate the data ingestion
[ 2025-08-21 17:29:13,831 ] 65 root - INFO - Performed train test split on the dataframe
[ 2025-08-21 17:29:13,831 ] 67 root - INFO - Exited split_data_as_train_test method of Data_Ingestion class
[ 2025-08-21 17:29:13,831 ] 75 root - INFO - Exporting train and test file path.
[ 2025-08-21 17:29:13,872 ] 84 root - INFO - Exported train and test file path.
[ 2025-08-21 17:29:13,872 ] 22 root - INFO - Data Initiation Completed
[ 2025-08-21 17:29:13,878 ] 26 root - INFO - Initiate the data Validation
[ 2025-08-21 17:29:13,948 ] 32 root - INFO - Required number of columns:2
[ 2025-08-21 17:29:13,948 ] 33 root - INFO - Data frame has columns:31
[ 2025-08-21 17:29:13,948 ] 32 root - INFO - Required number of columns:2
[ 2025-08-21 17:29:13,948 ] 33 root - INFO - Data frame has columns:31
[ 2025-08-21 17:29:14,065 ] 28 root - INFO - data Validation Completed
[ 2025-08-21 17:29:14,066 ] 31 root - INFO - data Transformation started
[ 2025-08-21 17:29:14,066 ] 63 root - INFO - Entered initiate_data_transformation method of DataTransformation class
[ 2025-08-21 17:29:14,066 ] 65 root - INFO - Starting data transformation
[ 2025-08-21 17:29:14,087 ] 48 root - INFO - Entered get_data_trnasformer_object method of Trnasformation class
[ 2025-08-21 17:29:14,087 ] 53 root - INFO - Initialise KNNImputer with {'missing_values': nan, 'n_neighbors': 3, 'weights': 'uniform'}
[ 2025-08-21 17:29:14,101 ] 46 root - INFO - Entered the save_object method of MainUtils class
[ 2025-08-21 17:29:14,104 ] 50 root - INFO - Exited the save_object method of MainUtils class
[ 2025-08-21 17:29:14,104 ] 46 root - INFO - Entered the save_object method of MainUtils class
[ 2025-08-21 17:29:14,108 ] 50 root - INFO - Exited the save_object method of MainUtils class
[ 2025-08-21 17:29:14,109 ] 35 root - INFO - data Transformation completed
[ 2025-08-21 17:29:14,109 ] 37 root - INFO - Model Training sstared
[ 2025-08-21 17:36:23,246 ] 46 root - INFO - Entered the save_object method of MainUtils class
[ 2025-08-21 17:36:23,293 ] 50 root - INFO - Exited the save_object method of MainUtils class
[ 2025-08-21 17:36:23,294 ] 46 root - INFO - Entered the save_object method of MainUtils class
[ 2025-08-21 17:36:23,338 ] 50 root - INFO - Exited the save_object method of MainUtils class
[ 2025-08-21 17:36:23,338 ] 127 root - INFO - Model trainer artifact: ModelTrainerArtifact(trained_model_file_path='Artifacts\\08_21_2025_17_29_01\\model_trainer\\trained_model\\model.pkl', train_metric_artifact=ClassificationMetricArtifact(f1_score=0.9910768606773473, precision_score=0.9886708476633623, recall_score=0.9934946127261639), test_metric_artifact=ClassificationMetricArtifact(f1_score=0.9815112540192926, precision_score=0.9768, recall_score=0.9862681744749596))
[ 2025-08-21 17:36:23,343 ] 42 root - INFO - Model Training artifact created
